0 info it worked if it ends with ok
1 verbose cli [ 'C:\\Users\\Jason\\AppData\\Local\\.meteor\\packages\\meteor-tool\\1.3.1\\mt-os.windows.x86_32\\dev_bundle\\bin\\\\node.exe',
1 verbose cli   'C:\\Users\\Jason\\AppData\\Local\\.meteor\\packages\\meteor-tool\\1.3.1\\mt-os.windows.x86_32\\dev_bundle\\lib\\node_modules\\npm\\bin\\npm-cli.js',
1 verbose cli   'install',
1 verbose cli   '--save',
1 verbose cli   'pickerjs' ]
2 info using npm@2.14.22
3 info using node@v0.10.43
4 verbose install initial load of C:\Users\Jason\Dropbox\WORK FOR SPRING 16\Crowd Programming\qourse\package.json
5 verbose installManyTop reading scoped package data from C:\Users\Jason\Dropbox\WORK FOR SPRING 16\Crowd Programming\qourse\node_modules\hammerjs\package.json
6 verbose installManyTop reading scoped package data from C:\Users\Jason\Dropbox\WORK FOR SPRING 16\Crowd Programming\qourse\node_modules\jquery\package.json
7 verbose readDependencies loading dependencies from C:\Users\Jason\Dropbox\WORK FOR SPRING 16\Crowd Programming\qourse\package.json
8 silly cache add args [ 'pickerjs', null ]
9 verbose cache add spec pickerjs
10 silly cache add parsed spec { raw: 'pickerjs',
10 silly cache add   scope: null,
10 silly cache add   name: 'pickerjs',
10 silly cache add   rawSpec: '',
10 silly cache add   spec: 'latest',
10 silly cache add   type: 'tag' }
11 silly addNamed pickerjs@latest
12 verbose addNamed "latest" is being treated as a dist-tag for pickerjs
13 info addNameTag [ 'pickerjs', 'latest' ]
14 silly mapToRegistry name pickerjs
15 silly mapToRegistry using default registry
16 silly mapToRegistry registry https://registry.npmjs.org/
17 silly mapToRegistry uri https://registry.npmjs.org/pickerjs
18 verbose addNameTag registry:https://registry.npmjs.org/pickerjs not in flight; fetching
19 verbose request uri https://registry.npmjs.org/pickerjs
20 verbose request no auth needed
21 info attempt registry request try #1 at 13:18:24
22 verbose request id 6176219cadf7656b
23 http request GET https://registry.npmjs.org/pickerjs
24 http 404 https://registry.npmjs.org/pickerjs
25 verbose headers { 'content-type': 'application/json',
25 verbose headers   'cache-control': 'max-age=0',
25 verbose headers   'content-length': '2',
25 verbose headers   'accept-ranges': 'bytes',
25 verbose headers   date: 'Sat, 16 Apr 2016 17:20:23 GMT',
25 verbose headers   via: '1.1 varnish',
25 verbose headers   age: '0',
25 verbose headers   connection: 'keep-alive',
25 verbose headers   'x-served-by': 'cache-iad2147-IAD',
25 verbose headers   'x-cache': 'MISS',
25 verbose headers   'x-cache-hits': '0',
25 verbose headers   'x-timer': 'S1460827223.491730,VS0,VE22',
25 verbose headers   vary: 'Accept-Encoding' }
26 silly get cb [ 404,
26 silly get   { 'content-type': 'application/json',
26 silly get     'cache-control': 'max-age=0',
26 silly get     'content-length': '2',
26 silly get     'accept-ranges': 'bytes',
26 silly get     date: 'Sat, 16 Apr 2016 17:20:23 GMT',
26 silly get     via: '1.1 varnish',
26 silly get     age: '0',
26 silly get     connection: 'keep-alive',
26 silly get     'x-served-by': 'cache-iad2147-IAD',
26 silly get     'x-cache': 'MISS',
26 silly get     'x-cache-hits': '0',
26 silly get     'x-timer': 'S1460827223.491730,VS0,VE22',
26 silly get     vary: 'Accept-Encoding' } ]
27 verbose stack Error: Registry returned 404 for GET on https://registry.npmjs.org/pickerjs
27 verbose stack     at makeError (C:\Users\Jason\AppData\Local\.meteor\packages\meteor-tool\1.3.1\mt-os.windows.x86_32\dev_bundle\lib\node_modules\npm\node_modules\npm-registry-client\lib\request.js:264:12)
27 verbose stack     at CachingRegistryClient.<anonymous> (C:\Users\Jason\AppData\Local\.meteor\packages\meteor-tool\1.3.1\mt-os.windows.x86_32\dev_bundle\lib\node_modules\npm\node_modules\npm-registry-client\lib\request.js:242:14)
27 verbose stack     at Request._callback (C:\Users\Jason\AppData\Local\.meteor\packages\meteor-tool\1.3.1\mt-os.windows.x86_32\dev_bundle\lib\node_modules\npm\node_modules\npm-registry-client\lib\request.js:172:14)
27 verbose stack     at Request.self.callback (C:\Users\Jason\AppData\Local\.meteor\packages\meteor-tool\1.3.1\mt-os.windows.x86_32\dev_bundle\lib\node_modules\npm\node_modules\request\request.js:199:22)
27 verbose stack     at Request.emit (events.js:98:17)
27 verbose stack     at Request.<anonymous> (C:\Users\Jason\AppData\Local\.meteor\packages\meteor-tool\1.3.1\mt-os.windows.x86_32\dev_bundle\lib\node_modules\npm\node_modules\request\request.js:1036:10)
27 verbose stack     at Request.emit (events.js:117:20)
27 verbose stack     at IncomingMessage.<anonymous> (C:\Users\Jason\AppData\Local\.meteor\packages\meteor-tool\1.3.1\mt-os.windows.x86_32\dev_bundle\lib\node_modules\npm\node_modules\request\request.js:963:12)
27 verbose stack     at IncomingMessage.emit (events.js:117:20)
27 verbose stack     at _stream_readable.js:944:16
28 verbose statusCode 404
29 verbose pkgid pickerjs
30 verbose cwd C:\Users\Jason\Dropbox\WORK FOR SPRING 16\Crowd Programming\qourse
31 error Windows_NT 10.0.10586
32 error argv "C:\\Users\\Jason\\AppData\\Local\\.meteor\\packages\\meteor-tool\\1.3.1\\mt-os.windows.x86_32\\dev_bundle\\bin\\\\node.exe" "C:\\Users\\Jason\\AppData\\Local\\.meteor\\packages\\meteor-tool\\1.3.1\\mt-os.windows.x86_32\\dev_bundle\\lib\\node_modules\\npm\\bin\\npm-cli.js" "install" "--save" "pickerjs"
33 error node v0.10.43
34 error npm  v2.14.22
35 error code E404
36 error 404 Registry returned 404 for GET on https://registry.npmjs.org/pickerjs
36 error 404
36 error 404 'pickerjs' is not in the npm registry.
36 error 404 You should bug the author to publish it (or use the name yourself!)
36 error 404 It was specified as a dependency of 'chocolatebar'
36 error 404
36 error 404 Note that you can also install from a
36 error 404 tarball, folder, http url, or git url.
37 verbose exit [ 1, true ]
